| time | in |load |address|out |
| 0+   | 00 |  0  |    0  | 00 |
| 1    | 00 |  0  |    0  | 00 |
| 1+   | 00 |  1  |    0  | 00 |
| 2    | 00 |  1  |    0  | 00 |
| 2+   | 82 |  0  |    0  | 00 |
| 3    | 82 |  0  |    0  | 00 |
| 3+   | 82 |  1  |  130  | 00 |
| 4    | 82 |  1  |  130  | 82 |
| 4+   | 82 |  0  |    0  | 00 |
| 5    | 82 |  0  |    0  | 00 |
| 5+   | 2f |  0  |  472  | 00 |
| 6    | 2f |  0  |  472  | 00 |
| 6+   | 2f |  1  |  472  | 00 |
| 7    | 2f |  1  |  472  | 2f |
| 7+   | 2f |  0  |  472  | 2f |
| 8    | 2f |  0  |  472  | 2f |
| 8    | 2f |  0  |  130  | 82 |
| 8+   | 33 |  0  |  130  | 82 |
| 9    | 33 |  0  |  130  | 82 |
| 9+   | 33 |  1  |  511  | 00 |
| 10   | 33 |  1  |  511  | 33 |
| 10+  | 33 |  0  |  511  | 33 |
| 11   | 33 |  0  |  511  | 33 |
| 11   | 33 |  0  |  472  | 2f |
| 11   | 33 |  0  |  511  | 33 |
| 11+  | 33 |  0  |  168  | 00 |
| 12   | 33 |  0  |  168  | 00 |
| 12   | 33 |  0  |  169  | 00 |
| 12   | 33 |  0  |  170  | 00 |
| 12   | 33 |  0  |  171  | 00 |
| 12   | 33 |  0  |  172  | 00 |
| 12   | 33 |  0  |  173  | 00 |
| 12   | 33 |  0  |  174  | 00 |
| 12   | 33 |  0  |  175  | 00 |
| 12+  | 55 |  1  |  168  | 00 |
| 13   | 55 |  1  |  168  | 55 |
| 13+  | 55 |  1  |  169  | 00 |
| 14   | 55 |  1  |  169  | 55 |
| 14+  | 55 |  1  |  170  | 00 |
| 15   | 55 |  1  |  170  | 55 |
| 15+  | 55 |  1  |  171  | 00 |
| 16   | 55 |  1  |  171  | 55 |
| 16+  | 55 |  1  |  172  | 00 |
| 17   | 55 |  1  |  172  | 55 |
| 17+  | 55 |  1  |  173  | 00 |
| 18   | 55 |  1  |  173  | 55 |
| 18+  | 55 |  1  |  174  | 00 |
| 19   | 55 |  1  |  174  | 55 |
| 19+  | 55 |  1  |  175  | 00 |
| 20   | 55 |  1  |  175  | 55 |
| 20+  | 55 |  0  |  168  | 55 |
| 21   | 55 |  0  |  168  | 55 |
| 21   | 55 |  0  |  169  | 55 |
| 21   | 55 |  0  |  170  | 55 |
| 21   | 55 |  0  |  171  | 55 |
| 21   | 55 |  0  |  172  | 55 |
| 21   | 55 |  0  |  173  | 55 |
| 21   | 55 |  0  |  174  | 55 |
| 21   | 55 |  0  |  175  | 55 |
| 21+  | aa |  1  |  168  | 55 |
| 22   | aa |  1  |  168  | aa |
| 22+  | aa |  0  |  168  | aa |
| 23   | aa |  0  |  168  | aa |
| 23   | aa |  0  |  169  | 55 |
| 23   | aa |  0  |  170  | 55 |
| 23   | aa |  0  |  171  | 55 |
| 23   | aa |  0  |  172  | 55 |
| 23   | aa |  0  |  173  | 55 |
| 23   | aa |  0  |  174  | 55 |
| 23   | aa |  0  |  175  | 55 |
| 23+  | 55 |  1  |  168  | aa |
| 24   | 55 |  1  |  168  | 55 |
| 24+  | aa |  1  |  169  | 55 |
| 25   | aa |  1  |  169  | aa |
| 25+  | aa |  0  |  168  | 55 |
| 26   | aa |  0  |  168  | 55 |
| 26   | aa |  0  |  169  | aa |
| 26   | aa |  0  |  170  | 55 |
| 26   | aa |  0  |  171  | 55 |
| 26   | aa |  0  |  172  | 55 |
| 26   | aa |  0  |  173  | 55 |
| 26   | aa |  0  |  174  | 55 |
| 26   | aa |  0  |  175  | 55 |
| 26+  | 55 |  1  |  169  | aa |
| 27   | 55 |  1  |  169  | 55 |
| 27+  | aa |  1  |  170  | 55 |
| 28   | aa |  1  |  170  | aa |
| 28+  | aa |  0  |  168  | 55 |
| 29   | aa |  0  |  168  | 55 |
| 29   | aa |  0  |  169  | 55 |
| 29   | aa |  0  |  170  | aa |
| 29   | aa |  0  |  171  | 55 |
| 29   | aa |  0  |  172  | 55 |
| 29   | aa |  0  |  173  | 55 |
| 29   | aa |  0  |  174  | 55 |
| 29   | aa |  0  |  175  | 55 |
| 29+  | 55 |  1  |  170  | aa |
| 30   | 55 |  1  |  170  | 55 |
| 30+  | aa |  1  |  171  | 55 |
| 31   | aa |  1  |  171  | aa |
| 31+  | aa |  0  |  168  | 55 |
| 32   | aa |  0  |  168  | 55 |
| 32   | aa |  0  |  169  | 55 |
| 32   | aa |  0  |  170  | 55 |
| 32   | aa |  0  |  171  | aa |
| 32   | aa |  0  |  172  | 55 |
| 32   | aa |  0  |  173  | 55 |
| 32   | aa |  0  |  174  | 55 |
| 32   | aa |  0  |  175  | 55 |
| 32+  | 55 |  1  |  171  | aa |
| 33   | 55 |  1  |  171  | 55 |
| 33+  | aa |  1  |  172  | 55 |
| 34   | aa |  1  |  172  | aa |
| 34+  | aa |  0  |  168  | 55 |
| 35   | aa |  0  |  168  | 55 |
| 35   | aa |  0  |  169  | 55 |
| 35   | aa |  0  |  170  | 55 |
| 35   | aa |  0  |  171  | 55 |
| 35   | aa |  0  |  172  | aa |
| 35   | aa |  0  |  173  | 55 |
| 35   | aa |  0  |  174  | 55 |
| 35   | aa |  0  |  175  | 55 |
| 35+  | 55 |  1  |  172  | aa |
| 36   | 55 |  1  |  172  | 55 |
| 36+  | aa |  1  |  173  | 55 |
| 37   | aa |  1  |  173  | aa |
| 37+  | aa |  0  |  168  | 55 |
| 38   | aa |  0  |  168  | 55 |
| 38   | aa |  0  |  169  | 55 |
| 38   | aa |  0  |  170  | 55 |
| 38   | aa |  0  |  171  | 55 |
| 38   | aa |  0  |  172  | 55 |
| 38   | aa |  0  |  173  | aa |
| 38   | aa |  0  |  174  | 55 |
| 38   | aa |  0  |  175  | 55 |
| 38+  | 55 |  1  |  173  | aa |
| 39   | 55 |  1  |  173  | 55 |
| 39+  | aa |  1  |  174  | 55 |
| 40   | aa |  1  |  174  | aa |
| 40+  | aa |  0  |  168  | 55 |
| 41   | aa |  0  |  168  | 55 |
| 41   | aa |  0  |  169  | 55 |
| 41   | aa |  0  |  170  | 55 |
| 41   | aa |  0  |  171  | 55 |
| 41   | aa |  0  |  172  | 55 |
| 41   | aa |  0  |  173  | 55 |
| 41   | aa |  0  |  174  | aa |
| 41   | aa |  0  |  175  | 55 |
| 41+  | 55 |  1  |  174  | aa |
| 42   | 55 |  1  |  174  | 55 |
| 42+  | aa |  1  |  175  | 55 |
| 43   | aa |  1  |  175  | aa |
| 43+  | aa |  0  |  168  | 55 |
| 44   | aa |  0  |  168  | 55 |
| 44   | aa |  0  |  169  | 55 |
| 44   | aa |  0  |  170  | 55 |
| 44   | aa |  0  |  171  | 55 |
| 44   | aa |  0  |  172  | 55 |
| 44   | aa |  0  |  173  | 55 |
| 44   | aa |  0  |  174  | 55 |
| 44   | aa |  0  |  175  | aa |
| 44+  | 55 |  1  |  175  | aa |
| 45   | 55 |  1  |  175  | 55 |
| 45+  | 55 |  0  |  168  | 55 |
| 46   | 55 |  0  |  168  | 55 |
| 46   | 55 |  0  |  169  | 55 |
| 46   | 55 |  0  |  170  | 55 |
| 46   | 55 |  0  |  171  | 55 |
| 46   | 55 |  0  |  172  | 55 |
| 46   | 55 |  0  |  173  | 55 |
| 46   | 55 |  0  |  174  | 55 |
| 46   | 55 |  0  |  175  | 55 |
| 46+  | 55 |  0  |   42  | 00 |
| 47   | 55 |  0  |   42  | 00 |
| 47   | 55 |  0  |  106  | 00 |
| 47   | 55 |  0  |  170  | 55 |
| 47   | 55 |  0  |  234  | 00 |
| 47   | 55 |  0  |  298  | 00 |
| 47   | 55 |  0  |  362  | 00 |
| 47   | 55 |  0  |  426  | 00 |
| 47   | 55 |  0  |  490  | 00 |
| 47+  | 55 |  1  |   42  | 00 |
| 48   | 55 |  1  |   42  | 55 |
| 48+  | 55 |  1  |  106  | 00 |
| 49   | 55 |  1  |  106  | 55 |
| 49+  | 55 |  1  |  170  | 55 |
| 50   | 55 |  1  |  170  | 55 |
| 50+  | 55 |  1  |  234  | 00 |
| 51   | 55 |  1  |  234  | 55 |
| 51+  | 55 |  1  |  298  | 00 |
| 52   | 55 |  1  |  298  | 55 |
| 52+  | 55 |  1  |  362  | 00 |
| 53   | 55 |  1  |  362  | 55 |
| 53+  | 55 |  1  |  426  | 00 |
| 54   | 55 |  1  |  426  | 55 |
| 54+  | 55 |  1  |  490  | 00 |
| 55   | 55 |  1  |  490  | 55 |
| 55+  | 55 |  0  |   42  | 55 |
| 56   | 55 |  0  |   42  | 55 |
| 56   | 55 |  0  |  106  | 55 |
| 56   | 55 |  0  |  170  | 55 |
| 56   | 55 |  0  |  234  | 55 |
| 56   | 55 |  0  |  298  | 55 |
| 56   | 55 |  0  |  362  | 55 |
| 56   | 55 |  0  |  426  | 55 |
| 56   | 55 |  0  |  490  | 55 |
| 56+  | aa |  1  |   42  | 55 |
| 57   | aa |  1  |   42  | aa |
| 57+  | aa |  0  |   42  | aa |
| 58   | aa |  0  |   42  | aa |
| 58   | aa |  0  |  106  | 55 |
| 58   | aa |  0  |  170  | 55 |
| 58   | aa |  0  |  234  | 55 |
| 58   | aa |  0  |  298  | 55 |
| 58   | aa |  0  |  362  | 55 |
| 58   | aa |  0  |  426  | 55 |
| 58   | aa |  0  |  490  | 55 |
| 58+  | 55 |  1  |   42  | aa |
| 59   | 55 |  1  |   42  | 55 |
| 59+  | aa |  1  |  106  | 55 |
| 60   | aa |  1  |  106  | aa |
| 60+  | aa |  0  |   42  | 55 |
| 61   | aa |  0  |   42  | 55 |
| 61   | aa |  0  |  106  | aa |
| 61   | aa |  0  |  170  | 55 |
| 61   | aa |  0  |  234  | 55 |
| 61   | aa |  0  |  298  | 55 |
| 61   | aa |  0  |  362  | 55 |
| 61   | aa |  0  |  426  | 55 |
| 61   | aa |  0  |  490  | 55 |
| 61+  | 55 |  1  |  106  | aa |
| 62   | 55 |  1  |  106  | 55 |
| 62+  | aa |  1  |  170  | 55 |
| 63   | aa |  1  |  170  | aa |
| 63+  | aa |  0  |   42  | 55 |
| 64   | aa |  0  |   42  | 55 |
| 64   | aa |  0  |  106  | 55 |
| 64   | aa |  0  |  170  | aa |
| 64   | aa |  0  |  234  | 55 |
| 64   | aa |  0  |  298  | 55 |
| 64   | aa |  0  |  362  | 55 |
| 64   | aa |  0  |  426  | 55 |
| 64   | aa |  0  |  490  | 55 |
| 64+  | 55 |  1  |  170  | aa |
| 65   | 55 |  1  |  170  | 55 |
| 65+  | aa |  1  |  234  | 55 |
| 66   | aa |  1  |  234  | aa |
| 66+  | aa |  0  |   42  | 55 |
| 67   | aa |  0  |   42  | 55 |
| 67   | aa |  0  |  106  | 55 |
| 67   | aa |  0  |  170  | 55 |
| 67   | aa |  0  |  234  | aa |
| 67   | aa |  0  |  298  | 55 |
| 67   | aa |  0  |  362  | 55 |
| 67   | aa |  0  |  426  | 55 |
| 67   | aa |  0  |  490  | 55 |
| 67+  | 55 |  1  |  234  | aa |
| 68   | 55 |  1  |  234  | 55 |
| 68+  | aa |  1  |  298  | 55 |
| 69   | aa |  1  |  298  | aa |
| 69+  | aa |  0  |   42  | 55 |
| 70   | aa |  0  |   42  | 55 |
| 70   | aa |  0  |  106  | 55 |
| 70   | aa |  0  |  170  | 55 |
| 70   | aa |  0  |  234  | 55 |
| 70   | aa |  0  |  298  | aa |
| 70   | aa |  0  |  362  | 55 |
| 70   | aa |  0  |  426  | 55 |
| 70   | aa |  0  |  490  | 55 |
| 70+  | 55 |  1  |  298  | aa |
| 71   | 55 |  1  |  298  | 55 |
| 71+  | aa |  1  |  362  | 55 |
| 72   | aa |  1  |  362  | aa |
| 72+  | aa |  0  |   42  | 55 |
| 73   | aa |  0  |   42  | 55 |
| 73   | aa |  0  |  106  | 55 |
| 73   | aa |  0  |  170  | 55 |
| 73   | aa |  0  |  234  | 55 |
| 73   | aa |  0  |  298  | 55 |
| 73   | aa |  0  |  362  | aa |
| 73   | aa |  0  |  426  | 55 |
| 73   | aa |  0  |  490  | 55 |
| 73+  | 55 |  1  |  362  | aa |
| 74   | 55 |  1  |  362  | 55 |
| 74+  | aa |  1  |  426  | 55 |
| 75   | aa |  1  |  426  | aa |
| 75+  | aa |  0  |   42  | 55 |
| 76   | aa |  0  |   42  | 55 |
| 76   | aa |  0  |  106  | 55 |
| 76   | aa |  0  |  170  | 55 |
| 76   | aa |  0  |  234  | 55 |
| 76   | aa |  0  |  298  | 55 |
| 76   | aa |  0  |  362  | 55 |
| 76   | aa |  0  |  426  | aa |
| 76   | aa |  0  |  490  | 55 |
| 76+  | 55 |  1  |  426  | aa |
| 77   | 55 |  1  |  426  | 55 |
| 77+  | aa |  1  |  490  | 55 |
| 78   | aa |  1  |  490  | aa |
| 78+  | aa |  0  |   42  | 55 |
| 79   | aa |  0  |   42  | 55 |
| 79   | aa |  0  |  106  | 55 |
| 79   | aa |  0  |  170  | 55 |
| 79   | aa |  0  |  234  | 55 |
| 79   | aa |  0  |  298  | 55 |
| 79   | aa |  0  |  362  | 55 |
| 79   | aa |  0  |  426  | 55 |
| 79   | aa |  0  |  490  | aa |
| 79+  | 55 |  1  |  490  | aa |
| 80   | 55 |  1  |  490  | 55 |
| 80+  | 55 |  0  |   42  | 55 |
| 81   | 55 |  0  |   42  | 55 |
| 81   | 55 |  0  |  106  | 55 |
| 81   | 55 |  0  |  170  | 55 |
| 81   | 55 |  0  |  234  | 55 |
| 81   | 55 |  0  |  298  | 55 |
| 81   | 55 |  0  |  362  | 55 |
| 81   | 55 |  0  |  426  | 55 |
| 81   | 55 |  0  |  490  | 55 |
